{"/Users/steve/Dev/github.com/stephenlaughton/seaq/src/index.ts": {"path":"/Users/steve/Dev/github.com/stephenlaughton/seaq/src/index.ts","statementMap":{"0":{"start":{"line":1,"column":0},"end":{"line":1,"column":9}},"1":{"start":{"line":1,"column":9},"end":{"line":1,"column":30}}},"fnMap":{"0":{"name":"(anonymous_0)","decl":{"start":{"line":1,"column":9},"end":{"line":1,"column":13}},"loc":{"start":{"line":1,"column":9},"end":{"line":1,"column":30}}}},"branchMap":{},"s":{"0":1,"1":9},"f":{"0":8},"b":{}}
}
