{"/Users/benjaminschachter/blobhaus/seaq/src/Seaq.ts": {"path":"/Users/benjaminschachter/blobhaus/seaq/src/Seaq.ts","statementMap":{"0":{"start":{"line":4,"column":0},"end":{"line":4,"column":46}},"1":{"start":{"line":25,"column":12},"end":{"line":25,"column":53}},"2":{"start":{"line":26,"column":2},"end":{"line":28,"column":47}},"3":{"start":{"line":27,"column":54},"end":{"line":27,"column":72}},"4":{"start":{"line":28,"column":36},"end":{"line":28,"column":46}},"5":{"start":{"line":19,"column":0},"end":{"line":19,"column":16}},"6":{"start":{"line":38,"column":19},"end":{"line":56,"column":4}},"7":{"start":{"line":40,"column":33},"end":{"line":47,"column":28}},"8":{"start":{"line":43,"column":26},"end":{"line":43,"column":58}},"9":{"start":{"line":44,"column":12},"end":{"line":44,"column":25}},"10":{"start":{"line":49,"column":18},"end":{"line":49,"column":58}},"11":{"start":{"line":52,"column":4},"end":{"line":55,"column":6}},"12":{"start":{"line":59,"column":2},"end":{"line":59,"column":49}},"13":{"start":{"line":59,"column":33},"end":{"line":59,"column":48}},"14":{"start":{"line":70,"column":2},"end":{"line":70,"column":null}},"15":{"start":{"line":72,"column":2},"end":{"line":105,"column":null}},"16":{"start":{"line":74,"column":4},"end":{"line":74,"column":35}},"17":{"start":{"line":76,"column":21},"end":{"line":76,"column":38}},"18":{"start":{"line":77,"column":23},"end":{"line":77,"column":27}},"19":{"start":{"line":78,"column":35},"end":{"line":78,"column":39}},"20":{"start":{"line":80,"column":4},"end":{"line":83,"column":null}},"21":{"start":{"line":81,"column":6},"end":{"line":81,"column":45}},"22":{"start":{"line":82,"column":6},"end":{"line":82,"column":43}},"23":{"start":{"line":85,"column":18},"end":{"line":85,"column":35}},"24":{"start":{"line":87,"column":4},"end":{"line":104,"column":null}},"25":{"start":{"line":88,"column":6},"end":{"line":103,"column":null}},"26":{"start":{"line":92,"column":8},"end":{"line":92,"column":36}},"27":{"start":{"line":93,"column":13},"end":{"line":103,"column":null}},"28":{"start":{"line":95,"column":8},"end":{"line":97,"column":null}},"29":{"start":{"line":95,"column":21},"end":{"line":95,"column":22}},"30":{"start":{"line":95,"column":30},"end":{"line":95,"column":42}},"31":{"start":{"line":96,"column":10},"end":{"line":96,"column":49}},"32":{"start":{"line":98,"column":13},"end":{"line":103,"column":null}},"33":{"start":{"line":100,"column":8},"end":{"line":100,"column":44}},"34":{"start":{"line":102,"column":8},"end":{"line":102,"column":39}},"35":{"start":{"line":107,"column":2},"end":{"line":107,"column":14}},"36":{"start":{"line":67,"column":0},"end":{"line":67,"column":16}}},"fnMap":{"0":{"name":"seaq","decl":{"start":{"line":19,"column":16},"end":{"line":19,"column":20}},"loc":{"start":{"line":23,"column":16},"end":{"line":29,"column":1}}},"1":{"name":"(anonymous_1)","decl":{"start":{"line":27,"column":10},"end":{"line":27,"column":11}},"loc":{"start":{"line":27,"column":49},"end":{"line":27,"column":55}}},"2":{"name":"(anonymous_2)","decl":{"start":{"line":28,"column":9},"end":{"line":28,"column":10}},"loc":{"start":{"line":28,"column":31},"end":{"line":28,"column":40}}},"3":{"name":"getMetaDataList","decl":{"start":{"line":31,"column":9},"end":{"line":31,"column":24}},"loc":{"start":{"line":35,"column":16},"end":{"line":60,"column":1}}},"4":{"name":"(anonymous_4)","decl":{"start":{"line":38,"column":28},"end":{"line":38,"column":32}},"loc":{"start":{"line":38,"column":32},"end":{"line":56,"column":3}}},"5":{"name":"(anonymous_5)","decl":{"start":{"line":42,"column":15},"end":{"line":42,"column":18}},"loc":{"start":{"line":42,"column":18},"end":{"line":45,"column":11}}},"6":{"name":"(anonymous_6)","decl":{"start":{"line":59,"column":25},"end":{"line":59,"column":29}},"loc":{"start":{"line":59,"column":29},"end":{"line":59,"column":37}}},"7":{"name":"getProperty","decl":{"start":{"line":67,"column":16},"end":{"line":67,"column":27}},"loc":{"start":{"line":70,"column":21},"end":{"line":108,"column":1}}}},"branchMap":{"0":{"loc":{"start":{"line":41,"column":8},"end":{"line":46,"column":20}},"type":"cond-expr","locations":[{"start":{"line":41,"column":8},"end":{"line":46,"column":20}},{"start":{"line":47,"column":8},"end":{"line":47,"column":28}}]},"1":{"loc":{"start":{"line":70,"column":2},"end":{"line":70,"column":null}},"type":"if","locations":[{"start":{"line":70,"column":2},"end":{"line":70,"column":null}},{"start":{"line":70,"column":2},"end":{"line":70,"column":null}}]},"2":{"loc":{"start":{"line":72,"column":2},"end":{"line":105,"column":null}},"type":"if","locations":[{"start":{"line":72,"column":2},"end":{"line":105,"column":null}},{"start":{"line":72,"column":2},"end":{"line":105,"column":null}}]},"3":{"loc":{"start":{"line":80,"column":4},"end":{"line":83,"column":null}},"type":"if","locations":[{"start":{"line":80,"column":4},"end":{"line":83,"column":null}},{"start":{"line":80,"column":4},"end":{"line":83,"column":null}}]},"4":{"loc":{"start":{"line":87,"column":4},"end":{"line":104,"column":null}},"type":"if","locations":[{"start":{"line":87,"column":4},"end":{"line":104,"column":null}},{"start":{"line":87,"column":4},"end":{"line":104,"column":null}}]},"5":{"loc":{"start":{"line":87,"column":8},"end":{"line":87,"column":22}},"type":"binary-expr","locations":[{"start":{"line":87,"column":8},"end":{"line":87,"column":22}},{"start":{"line":87,"column":26},"end":{"line":87,"column":45}}]},"6":{"loc":{"start":{"line":88,"column":6},"end":{"line":103,"column":null}},"type":"if","locations":[{"start":{"line":88,"column":6},"end":{"line":103,"column":null}},{"start":{"line":88,"column":6},"end":{"line":103,"column":null}}]},"7":{"loc":{"start":{"line":89,"column":8},"end":{"line":89,"column":18}},"type":"binary-expr","locations":[{"start":{"line":89,"column":8},"end":{"line":89,"column":18}},{"start":{"line":90,"column":9},"end":{"line":90,"column":34}},{"start":{"line":90,"column":38},"end":{"line":90,"column":63}}]},"8":{"loc":{"start":{"line":93,"column":13},"end":{"line":103,"column":null}},"type":"if","locations":[{"start":{"line":93,"column":13},"end":{"line":103,"column":null}},{"start":{"line":93,"column":13},"end":{"line":103,"column":null}}]},"9":{"loc":{"start":{"line":98,"column":13},"end":{"line":103,"column":null}},"type":"if","locations":[{"start":{"line":98,"column":13},"end":{"line":103,"column":null}},{"start":{"line":98,"column":13},"end":{"line":103,"column":null}}]}},"s":{"0":2,"1":8,"2":8,"3":474,"4":108,"5":2,"6":8,"7":506,"8":800,"9":800,"10":506,"11":506,"12":8,"13":506,"14":1830,"15":1022,"16":3,"17":1019,"18":1019,"19":1019,"20":1019,"21":208,"22":208,"23":1019,"24":1019,"25":1017,"26":806,"27":211,"28":203,"29":203,"30":203,"31":206,"32":8,"33":5,"34":3,"35":1022,"36":2},"f":{"0":8,"1":474,"2":108,"3":8,"4":506,"5":800,"6":506,"7":1022},"b":{"0":[500,6],"1":[808,214],"2":[3,1019],"3":[208,811],"4":[1017,2],"5":[1019,1018],"6":[806,211],"7":[1017,809,3],"8":[203,8],"9":[5,3]}}
,"/Users/benjaminschachter/blobhaus/seaq/src/index.ts": {"path":"/Users/benjaminschachter/blobhaus/seaq/src/index.ts","statementMap":{"0":{"start":{"line":1,"column":0},"end":{"line":1,"column":9}},"1":{"start":{"line":1,"column":9},"end":{"line":1,"column":30}}},"fnMap":{"0":{"name":"(anonymous_0)","decl":{"start":{"line":1,"column":9},"end":{"line":1,"column":13}},"loc":{"start":{"line":1,"column":9},"end":{"line":1,"column":30}}}},"branchMap":{},"s":{"0":1,"1":9},"f":{"0":8},"b":{}}
,"/Users/benjaminschachter/blobhaus/seaq/src/string_score.ts": {"path":"/Users/benjaminschachter/blobhaus/seaq/src/string_score.ts","statementMap":{"0":{"start":{"line":51,"column":2},"end":{"line":53,"column":null}},"1":{"start":{"line":52,"column":4},"end":{"line":52,"column":13}},"2":{"start":{"line":56,"column":2},"end":{"line":58,"column":null}},"3":{"start":{"line":57,"column":4},"end":{"line":57,"column":13}},"4":{"start":{"line":60,"column":21},"end":{"line":60,"column":22}},"5":{"start":{"line":63,"column":20},"end":{"line":63,"column":26}},"6":{"start":{"line":64,"column":18},"end":{"line":64,"column":41}},"7":{"start":{"line":65,"column":20},"end":{"line":65,"column":36}},"8":{"start":{"line":66,"column":16},"end":{"line":66,"column":35}},"9":{"start":{"line":67,"column":21},"end":{"line":67,"column":33}},"10":{"start":{"line":69,"column":16},"end":{"line":69,"column":17}},"11":{"start":{"line":70,"column":16},"end":{"line":70,"column":17}},"12":{"start":{"line":71,"column":20},"end":{"line":71,"column":21}},"13":{"start":{"line":75,"column":2},"end":{"line":77,"column":null}},"14":{"start":{"line":76,"column":4},"end":{"line":76,"column":32}},"15":{"start":{"line":81,"column":2},"end":{"line":145,"column":null}},"16":{"start":{"line":82,"column":4},"end":{"line":112,"column":null}},"17":{"start":{"line":84,"column":6},"end":{"line":84,"column":49}},"18":{"start":{"line":86,"column":6},"end":{"line":111,"column":null}},"19":{"start":{"line":87,"column":8},"end":{"line":87,"column":31}},"20":{"start":{"line":89,"column":8},"end":{"line":101,"column":null}},"21":{"start":{"line":91,"column":10},"end":{"line":91,"column":26}},"22":{"start":{"line":93,"column":10},"end":{"line":93,"column":26}},"23":{"start":{"line":98,"column":10},"end":{"line":100,"column":null}},"24":{"start":{"line":99,"column":12},"end":{"line":99,"column":29}},"25":{"start":{"line":104,"column":8},"end":{"line":106,"column":null}},"26":{"start":{"line":105,"column":10},"end":{"line":105,"column":27}},"27":{"start":{"line":109,"column":8},"end":{"line":109,"column":34}},"28":{"start":{"line":110,"column":8},"end":{"line":110,"column":28}},"29":{"start":{"line":114,"column":4},"end":{"line":144,"column":null}},"30":{"start":{"line":116,"column":6},"end":{"line":116,"column":49}},"31":{"start":{"line":118,"column":6},"end":{"line":120,"column":null}},"32":{"start":{"line":119,"column":8},"end":{"line":119,"column":17}},"33":{"start":{"line":122,"column":6},"end":{"line":134,"column":null}},"34":{"start":{"line":124,"column":8},"end":{"line":124,"column":24}},"35":{"start":{"line":126,"column":8},"end":{"line":126,"column":24}},"36":{"start":{"line":131,"column":8},"end":{"line":133,"column":null}},"37":{"start":{"line":132,"column":10},"end":{"line":132,"column":27}},"38":{"start":{"line":137,"column":6},"end":{"line":139,"column":null}},"39":{"start":{"line":138,"column":8},"end":{"line":138,"column":25}},"40":{"start":{"line":142,"column":6},"end":{"line":142,"column":32}},"41":{"start":{"line":143,"column":6},"end":{"line":143,"column":26}},"42":{"start":{"line":148,"column":2},"end":{"line":149,"column":77}},"43":{"start":{"line":151,"column":2},"end":{"line":153,"column":null}},"44":{"start":{"line":152,"column":4},"end":{"line":152,"column":23}},"45":{"start":{"line":155,"column":2},"end":{"line":155,"column":20}},"46":{"start":{"line":45,"column":0},"end":{"line":45,"column":16}}},"fnMap":{"0":{"name":"string_score","decl":{"start":{"line":45,"column":16},"end":{"line":45,"column":28}},"loc":{"start":{"line":48,"column":20},"end":{"line":156,"column":1}}}},"branchMap":{"0":{"loc":{"start":{"line":51,"column":2},"end":{"line":53,"column":null}},"type":"if","locations":[{"start":{"line":51,"column":2},"end":{"line":53,"column":null}},{"start":{"line":51,"column":2},"end":{"line":53,"column":null}}]},"1":{"loc":{"start":{"line":56,"column":2},"end":{"line":58,"column":null}},"type":"if","locations":[{"start":{"line":56,"column":2},"end":{"line":58,"column":null}},{"start":{"line":56,"column":2},"end":{"line":58,"column":null}}]},"2":{"loc":{"start":{"line":75,"column":2},"end":{"line":77,"column":null}},"type":"if","locations":[{"start":{"line":75,"column":2},"end":{"line":77,"column":null}},{"start":{"line":75,"column":2},"end":{"line":77,"column":null}}]},"3":{"loc":{"start":{"line":81,"column":2},"end":{"line":145,"column":null}},"type":"if","locations":[{"start":{"line":81,"column":2},"end":{"line":145,"column":null}},{"start":{"line":81,"column":2},"end":{"line":145,"column":null}}]},"4":{"loc":{"start":{"line":86,"column":6},"end":{"line":111,"column":null}},"type":"if","locations":[{"start":{"line":86,"column":6},"end":{"line":111,"column":null}},{"start":{"line":86,"column":6},"end":{"line":111,"column":null}}]},"5":{"loc":{"start":{"line":89,"column":8},"end":{"line":101,"column":null}},"type":"if","locations":[{"start":{"line":89,"column":8},"end":{"line":101,"column":null}},{"start":{"line":89,"column":8},"end":{"line":101,"column":null}}]},"6":{"loc":{"start":{"line":98,"column":10},"end":{"line":100,"column":null}},"type":"if","locations":[{"start":{"line":98,"column":10},"end":{"line":100,"column":null}},{"start":{"line":98,"column":10},"end":{"line":100,"column":null}}]},"7":{"loc":{"start":{"line":104,"column":8},"end":{"line":106,"column":null}},"type":"if","locations":[{"start":{"line":104,"column":8},"end":{"line":106,"column":null}},{"start":{"line":104,"column":8},"end":{"line":106,"column":null}}]},"8":{"loc":{"start":{"line":118,"column":6},"end":{"line":120,"column":null}},"type":"if","locations":[{"start":{"line":118,"column":6},"end":{"line":120,"column":null}},{"start":{"line":118,"column":6},"end":{"line":120,"column":null}}]},"9":{"loc":{"start":{"line":122,"column":6},"end":{"line":134,"column":null}},"type":"if","locations":[{"start":{"line":122,"column":6},"end":{"line":134,"column":null}},{"start":{"line":122,"column":6},"end":{"line":134,"column":null}}]},"10":{"loc":{"start":{"line":131,"column":8},"end":{"line":133,"column":null}},"type":"if","locations":[{"start":{"line":131,"column":8},"end":{"line":133,"column":null}},{"start":{"line":131,"column":8},"end":{"line":133,"column":null}}]},"11":{"loc":{"start":{"line":137,"column":6},"end":{"line":139,"column":null}},"type":"if","locations":[{"start":{"line":137,"column":6},"end":{"line":139,"column":null}},{"start":{"line":137,"column":6},"end":{"line":139,"column":null}}]},"12":{"loc":{"start":{"line":151,"column":2},"end":{"line":153,"column":null}},"type":"if","locations":[{"start":{"line":151,"column":2},"end":{"line":153,"column":null}},{"start":{"line":151,"column":2},"end":{"line":153,"column":null}}]},"13":{"loc":{"start":{"line":151,"column":6},"end":{"line":151,"column":29}},"type":"binary-expr","locations":[{"start":{"line":151,"column":6},"end":{"line":151,"column":29}},{"start":{"line":151,"column":33},"end":{"line":151,"column":50}}]}},"s":{"0":506,"1":1,"2":505,"3":100,"4":405,"5":405,"6":405,"7":405,"8":405,"9":405,"10":405,"11":405,"12":405,"13":405,"14":102,"15":405,"16":102,"17":708,"18":708,"19":522,"20":186,"21":55,"22":131,"23":131,"24":1,"25":186,"26":134,"27":186,"28":186,"29":303,"30":504,"31":504,"32":297,"33":207,"34":33,"35":174,"36":174,"37":1,"38":207,"39":143,"40":207,"41":207,"42":108,"43":108,"44":4,"45":108,"46":2},"f":{"0":506},"b":{"0":[1,505],"1":[100,405],"2":[102,303],"3":[102,303],"4":[522,186],"5":[55,131],"6":[1,130],"7":[134,52],"8":[297,207],"9":[33,174],"10":[1,173],"11":[143,64],"12":[4,104],"13":[108,4]}}
}
