TN:
SF:src/Seaq.ts
FN:19,seaq
FN:27,(anonymous_1)
FN:28,(anonymous_2)
FN:31,getMetaDataList
FN:38,(anonymous_4)
FN:42,(anonymous_5)
FN:59,(anonymous_6)
FN:67,getProperty
FNF:8
FNH:8
FNDA:6,seaq
FNDA:530,(anonymous_1)
FNDA:104,(anonymous_2)
FNDA:6,getMetaDataList
FNDA:502,(anonymous_4)
FNDA:800,(anonymous_5)
FNDA:502,(anonymous_6)
FNDA:1022,getProperty
DA:4,2
DA:19,2
DA:25,6
DA:26,6
DA:27,530
DA:28,104
DA:38,6
DA:40,502
DA:43,800
DA:44,800
DA:49,502
DA:52,502
DA:59,502
DA:67,2
DA:70,1830
DA:72,1022
DA:74,3
DA:76,1019
DA:77,1019
DA:78,1019
DA:80,1019
DA:81,208
DA:82,208
DA:85,1019
DA:87,1019
DA:88,1017
DA:92,806
DA:93,211
DA:95,203
DA:96,206
DA:98,8
DA:100,5
DA:102,3
DA:107,1022
LF:34
LH:34
BRDA:41,0,0,500
BRDA:41,0,1,2
BRDA:70,1,0,808
BRDA:70,1,1,214
BRDA:72,2,0,3
BRDA:72,2,1,1019
BRDA:80,3,0,208
BRDA:80,3,1,811
BRDA:87,4,0,1017
BRDA:87,4,1,2
BRDA:87,5,0,1019
BRDA:87,5,1,1018
BRDA:88,6,0,806
BRDA:88,6,1,211
BRDA:89,7,0,1017
BRDA:89,7,1,809
BRDA:89,7,2,3
BRDA:93,8,0,203
BRDA:93,8,1,8
BRDA:98,9,0,5
BRDA:98,9,1,3
BRF:21
BRH:21
end_of_record
TN:
SF:src/index.ts
FN:1,(anonymous_0)
FNF:1
FNH:1
FNDA:6,(anonymous_0)
DA:1,7
LF:1
LH:1
BRF:0
BRH:0
end_of_record
TN:
SF:src/string_score.ts
FN:45,string_score
FNF:1
FNH:1
FNDA:502,string_score
DA:45,2
DA:51,502
DA:52,1
DA:56,501
DA:57,100
DA:60,401
DA:63,401
DA:64,401
DA:65,401
DA:66,401
DA:67,401
DA:69,401
DA:70,401
DA:71,401
DA:75,401
DA:76,100
DA:81,401
DA:82,100
DA:84,700
DA:86,700
DA:87,522
DA:89,178
DA:91,51
DA:93,127
DA:98,127
DA:99,0
DA:104,178
DA:105,128
DA:109,178
DA:110,178
DA:114,301
DA:116,496
DA:118,496
DA:119,297
DA:122,199
DA:124,29
DA:126,170
DA:131,170
DA:132,0
DA:137,199
DA:138,137
DA:142,199
DA:143,199
DA:148,104
DA:151,104
DA:152,4
DA:155,104
LF:47
LH:45
BRDA:51,0,0,1
BRDA:51,0,1,501
BRDA:56,1,0,100
BRDA:56,1,1,401
BRDA:75,2,0,100
BRDA:75,2,1,301
BRDA:81,3,0,100
BRDA:81,3,1,301
BRDA:86,4,0,522
BRDA:86,4,1,178
BRDA:89,5,0,51
BRDA:89,5,1,127
BRDA:98,6,0,0
BRDA:98,6,1,127
BRDA:104,7,0,128
BRDA:104,7,1,50
BRDA:118,8,0,297
BRDA:118,8,1,199
BRDA:122,9,0,29
BRDA:122,9,1,170
BRDA:131,10,0,0
BRDA:131,10,1,170
BRDA:137,11,0,137
BRDA:137,11,1,62
BRDA:151,12,0,4
BRDA:151,12,1,100
BRDA:151,13,0,104
BRDA:151,13,1,4
BRF:28
BRH:26
end_of_record
