TN:
SF:src/Seaq.ts
FN:19,seaq
FN:27,(anonymous_1)
FN:28,(anonymous_2)
FN:31,getMetaDataList
FN:38,(anonymous_4)
FN:42,(anonymous_5)
FN:59,(anonymous_6)
FN:67,getProperty
FNF:8
FNH:8
FNDA:6,seaq
FNDA:530,(anonymous_1)
FNDA:104,(anonymous_2)
FNDA:6,getMetaDataList
FNDA:502,(anonymous_4)
FNDA:800,(anonymous_5)
FNDA:502,(anonymous_6)
FNDA:1000,getProperty
DA:4,1
DA:19,1
DA:25,6
DA:26,6
DA:27,530
DA:28,104
DA:38,6
DA:40,502
DA:43,800
DA:44,800
DA:49,502
DA:52,502
DA:59,502
DA:70,1800
DA:72,1000
DA:74,0
DA:76,1000
DA:77,1000
DA:78,1000
DA:80,1000
DA:81,200
DA:82,200
DA:85,1000
DA:87,1000
DA:88,1000
DA:92,800
DA:93,200
DA:95,200
DA:96,200
DA:98,0
DA:100,0
DA:105,1000
LF:32
LH:29
BRDA:41,0,0,500
BRDA:41,0,1,2
BRDA:70,1,0,800
BRDA:70,1,1,200
BRDA:72,2,0,0
BRDA:72,2,1,1000
BRDA:80,3,0,200
BRDA:80,3,1,800
BRDA:87,4,0,1000
BRDA:87,4,1,0
BRDA:87,5,0,1000
BRDA:87,5,1,1000
BRDA:88,6,0,800
BRDA:88,6,1,200
BRDA:89,7,0,1000
BRDA:89,7,1,800
BRDA:89,7,2,0
BRDA:93,8,0,200
BRDA:93,8,1,0
BRDA:98,9,0,0
BRDA:98,9,1,0
BRF:21
BRH:15
end_of_record
TN:
SF:src/index.ts
FN:1,(anonymous_0)
FNF:1
FNH:1
FNDA:6,(anonymous_0)
DA:1,7
LF:1
LH:1
BRF:0
BRH:0
end_of_record
